This file contains any messages produced by compilers while
running configure, to aid debugging if configure makes a mistake.

It was created by libressl configure 2.0.0, which was
generated by GNU Autoconf 2.69.  Invocation command line was

  $ ./configure --disable-shared --host=le32-unknown-nacl

## --------- ##
## Platform. ##
## --------- ##

hostname = ununseptium
uname -m = x86_64
uname -r = 3.14.12
uname -s = Linux
uname -v = #20 SMP Sat Jul 12 00:22:04 CDT 2014

/usr/bin/uname -p = unknown
/bin/uname -X     = unknown

/bin/arch              = unknown
/usr/bin/arch -k       = unknown
/usr/convex/getsysinfo = unknown
/usr/bin/hostinfo      = unknown
/bin/machine           = unknown
/usr/bin/oslevel       = unknown
/bin/universe          = unknown

PATH: /usr/local/sbin
PATH: /usr/local/bin
PATH: /usr/sbin
PATH: /usr/bin
PATH: /sbin
PATH: /bin
PATH: /usr/games
PATH: /usr/local/games


## ----------- ##
## Core tests. ##
## ----------- ##

configure:2183: checking build system type
configure:2197: result: x86_64-unknown-linux-gnu
configure:2217: checking host system type
configure:2230: result: le32-unknown-nacl
configure:2250: checking target system type
configure:2263: result: le32-unknown-nacl
configure:2305: checking for a BSD-compatible install
configure:2373: result: /usr/bin/install -c
configure:2384: checking whether build environment is sane
configure:2439: result: yes
configure:2498: checking for le32-unknown-nacl-strip
configure:2528: result: no
configure:2538: checking for strip
configure:2554: found /usr/bin/strip
configure:2565: result: strip
configure:2590: checking for a thread-safe mkdir -p
configure:2629: result: /bin/mkdir -p
configure:2636: checking for gawk
configure:2652: found /usr/bin/gawk
configure:2663: result: gawk
configure:2674: checking whether make sets $(MAKE)
configure:2696: result: yes
configure:2725: checking whether make supports nested variables
configure:2742: result: yes
configure:2880: checking whether make supports nested variables
configure:2897: result: yes
configure:2969: checking for le32-unknown-nacl-gcc
configure:2996: result: /home/dick/workspace/tools/nacl-sdk/pepper_canary/toolchain/linux_pnacl/bin/pnacl-clang
configure:3265: checking for C compiler version
configure:3274: /home/dick/workspace/tools/nacl-sdk/pepper_canary/toolchain/linux_pnacl/bin/pnacl-clang --version >&5
clang version 3.4 (https://chromium.googlesource.com/native_client/pnacl-clang.git c9e11978abdba970b12b46ab792634f0a98319d7) (https://chromium.googlesource.com/native_client/pnacl-llvm.git 8acffc378eeb02436d1773cf02592fc96b83303b) nacl-version=13382
Target: le32-unknown-nacl
Thread model: posix
configure:3285: $? = 0
configure:3274: /home/dick/workspace/tools/nacl-sdk/pepper_canary/toolchain/linux_pnacl/bin/pnacl-clang -v >&5
clang version 3.4 (https://chromium.googlesource.com/native_client/pnacl-clang.git c9e11978abdba970b12b46ab792634f0a98319d7) (https://chromium.googlesource.com/native_client/pnacl-llvm.git 8acffc378eeb02436d1773cf02592fc96b83303b)
Target: le32-unknown-nacl
Thread model: posix
Selected GCC installation: 
clang: warning: argument unused during compilation: '-O0'
clang: warning: argument unused during compilation: '-fno-vectorize'
clang: warning: argument unused during compilation: '-fno-slp-vectorize'
clang: warning: argument unused during compilation: '-fno-common'
clang: warning: argument unused during compilation: '-nostdinc'
configure:3285: $? = 0
configure:3274: /home/dick/workspace/tools/nacl-sdk/pepper_canary/toolchain/linux_pnacl/bin/pnacl-clang -V >&5
pnacl-clang: Unrecognized option: -V
Use '--help' for more information.
configure:3285: $? = 255
configure:3274: /home/dick/workspace/tools/nacl-sdk/pepper_canary/toolchain/linux_pnacl/bin/pnacl-clang -qversion >&5
pnacl-clang: Unrecognized option: -qversion
Use '--help' for more information.
configure:3285: $? = 255
configure:3305: checking whether the C compiler works
configure:3327: /home/dick/workspace/tools/nacl-sdk/pepper_canary/toolchain/linux_pnacl/bin/pnacl-clang -I/home/dick/workspace/tools/nacl-sdk/pepper_canary/include -I/home/dick/workspace/tools/nacl-sdk/pepper_canary/include/pnacl -D_XOPEN_SOURCE=500 -Os -Wall -Werror -std=c99 -g -Wno-pointer-sign   conftest.c  >&5
configure:3331: $? = 0
configure:3379: result: yes
configure:3382: checking for C compiler default output file name
configure:3384: result: a.out
configure:3390: checking for suffix of executables
configure:3397: /home/dick/workspace/tools/nacl-sdk/pepper_canary/toolchain/linux_pnacl/bin/pnacl-clang -o conftest -I/home/dick/workspace/tools/nacl-sdk/pepper_canary/include -I/home/dick/workspace/tools/nacl-sdk/pepper_canary/include/pnacl -D_XOPEN_SOURCE=500 -Os -Wall -Werror -std=c99 -g -Wno-pointer-sign   conftest.c  >&5
configure:3401: $? = 0
configure:3423: result: 
configure:3445: checking whether we are cross compiling
configure:3453: /home/dick/workspace/tools/nacl-sdk/pepper_canary/toolchain/linux_pnacl/bin/pnacl-clang -o conftest -I/home/dick/workspace/tools/nacl-sdk/pepper_canary/include -I/home/dick/workspace/tools/nacl-sdk/pepper_canary/include/pnacl -D_XOPEN_SOURCE=500 -Os -Wall -Werror -std=c99 -g -Wno-pointer-sign   conftest.c  >&5
configure:3457: $? = 0
configure:3464: ./conftest
warning: ignoring debug info with an invalid version (0) in ./conftest
LLVM ERROR: Program used external function 'llvm.nacl.read.tp' which could not be resolved!
configure:3468: $? = 1
configure:3483: result: yes
configure:3488: checking for suffix of object files
configure:3510: /home/dick/workspace/tools/nacl-sdk/pepper_canary/toolchain/linux_pnacl/bin/pnacl-clang -c -I/home/dick/workspace/tools/nacl-sdk/pepper_canary/include -I/home/dick/workspace/tools/nacl-sdk/pepper_canary/include/pnacl -D_XOPEN_SOURCE=500 -Os -Wall -Werror -std=c99 -g -Wno-pointer-sign  conftest.c >&5
configure:3514: $? = 0
configure:3535: result: o
configure:3539: checking whether we are using the GNU C compiler
configure:3558: /home/dick/workspace/tools/nacl-sdk/pepper_canary/toolchain/linux_pnacl/bin/pnacl-clang -c -I/home/dick/workspace/tools/nacl-sdk/pepper_canary/include -I/home/dick/workspace/tools/nacl-sdk/pepper_canary/include/pnacl -D_XOPEN_SOURCE=500 -Os -Wall -Werror -std=c99 -g -Wno-pointer-sign  conftest.c >&5
configure:3558: $? = 0
configure:3567: result: yes
configure:3576: checking whether /home/dick/workspace/tools/nacl-sdk/pepper_canary/toolchain/linux_pnacl/bin/pnacl-clang accepts -g
configure:3596: /home/dick/workspace/tools/nacl-sdk/pepper_canary/toolchain/linux_pnacl/bin/pnacl-clang -c -g  conftest.c >&5
configure:3596: $? = 0
configure:3637: result: yes
configure:3654: checking for /home/dick/workspace/tools/nacl-sdk/pepper_canary/toolchain/linux_pnacl/bin/pnacl-clang option to accept ISO C89
configure:3717: /home/dick/workspace/tools/nacl-sdk/pepper_canary/toolchain/linux_pnacl/bin/pnacl-clang  -c -I/home/dick/workspace/tools/nacl-sdk/pepper_canary/include -I/home/dick/workspace/tools/nacl-sdk/pepper_canary/include/pnacl -D_XOPEN_SOURCE=500 -Os -Wall -Werror -std=c99 -g -Wno-pointer-sign  conftest.c >&5
configure:3717: $? = 0
configure:3730: result: none needed
configure:3755: checking whether /home/dick/workspace/tools/nacl-sdk/pepper_canary/toolchain/linux_pnacl/bin/pnacl-clang understands -c and -o together
configure:3777: /home/dick/workspace/tools/nacl-sdk/pepper_canary/toolchain/linux_pnacl/bin/pnacl-clang -c conftest.c -o conftest2.o
configure:3780: $? = 0
configure:3777: /home/dick/workspace/tools/nacl-sdk/pepper_canary/toolchain/linux_pnacl/bin/pnacl-clang -c conftest.c -o conftest2.o
configure:3780: $? = 0
configure:3792: result: yes
configure:3820: checking for style of include used by make
configure:3848: result: GNU
configure:3874: checking dependency style of /home/dick/workspace/tools/nacl-sdk/pepper_canary/toolchain/linux_pnacl/bin/pnacl-clang
configure:3985: result: gcc3
configure:4046: checking how to print strings
configure:4073: result: printf
configure:4094: checking for a sed that does not truncate output
configure:4158: result: /bin/sed
configure:4176: checking for grep that handles long lines and -e
configure:4234: result: /bin/grep
configure:4239: checking for egrep
configure:4301: result: /bin/grep -E
configure:4306: checking for fgrep
configure:4368: result: /bin/grep -F
configure:4403: checking for ld used by /home/dick/workspace/tools/nacl-sdk/pepper_canary/toolchain/linux_pnacl/bin/pnacl-clang
configure:4470: result: /usr/bin/ld
configure:4477: checking if the linker (/usr/bin/ld) is GNU ld
configure:4492: result: yes
configure:4504: checking for BSD- or MS-compatible name lister (nm)
configure:4553: result: no
configure:4567: checking for le32-unknown-nacl-dumpbin
configure:4597: result: no
configure:4567: checking for le32-unknown-nacl-link
configure:4597: result: no
configure:4611: checking for dumpbin
configure:4641: result: no
configure:4611: checking for link
configure:4627: found /usr/bin/link
configure:4638: result: link -dump
configure:4654: WARNING: using cross tools not prefixed with host triplet
configure:4683: checking the name lister (nm) interface
configure:4690: /home/dick/workspace/tools/nacl-sdk/pepper_canary/toolchain/linux_pnacl/bin/pnacl-clang -c -I/home/dick/workspace/tools/nacl-sdk/pepper_canary/include -I/home/dick/workspace/tools/nacl-sdk/pepper_canary/include/pnacl -D_XOPEN_SOURCE=500 -Os -Wall -Werror -std=c99 -g -Wno-pointer-sign  conftest.c >&5
configure:4693: nm "conftest.o"
nm: conftest.o: File format not recognized
configure:4696: output
configure:4703: result: BSD nm
configure:4706: checking whether ln -s works
configure:4710: result: yes
configure:4718: checking the maximum length of command line arguments
configure:4848: result: 1635000
configure:4865: checking whether the shell understands some XSI constructs
configure:4875: result: yes
configure:4879: checking whether the shell understands "+="
configure:4885: result: yes
configure:4920: checking how to convert x86_64-unknown-linux-gnu file names to le32-unknown-nacl format
configure:4960: result: func_convert_file_noop
configure:4967: checking how to convert x86_64-unknown-linux-gnu file names to toolchain format
configure:4987: result: func_convert_file_noop
configure:4994: checking for /usr/bin/ld option to reload object files
configure:5001: result: -r
configure:5035: checking for le32-unknown-nacl-objdump
configure:5065: result: no
configure:5075: checking for objdump
configure:5091: found /usr/bin/objdump
configure:5102: result: objdump
configure:5134: checking how to recognize dependent libraries
configure:5336: result: unknown
configure:5381: checking for le32-unknown-nacl-dlltool
configure:5411: result: no
configure:5421: checking for dlltool
configure:5451: result: no
configure:5481: checking how to associate runtime and link libraries
configure:5508: result: printf %s\n
configure:5525: checking for le32-unknown-nacl-ar
configure:5555: result: no
configure:5569: checking for ar
configure:5585: found /usr/bin/ar
configure:5596: result: ar
configure:5633: checking for archiver @FILE support
configure:5650: /home/dick/workspace/tools/nacl-sdk/pepper_canary/toolchain/linux_pnacl/bin/pnacl-clang -c -I/home/dick/workspace/tools/nacl-sdk/pepper_canary/include -I/home/dick/workspace/tools/nacl-sdk/pepper_canary/include/pnacl -D_XOPEN_SOURCE=500 -Os -Wall -Werror -std=c99 -g -Wno-pointer-sign  conftest.c >&5
configure:5650: $? = 0
configure:5653: ar cru libconftest.a @conftest.lst >&5
configure:5656: $? = 0
configure:5661: ar cru libconftest.a @conftest.lst >&5
ar: conftest.o: No such file or directory
configure:5664: $? = 1
configure:5676: result: @
configure:5694: checking for le32-unknown-nacl-strip
configure:5721: result: strip
configure:5793: checking for le32-unknown-nacl-ranlib
configure:5823: result: no
configure:5833: checking for ranlib
configure:5849: found /usr/bin/ranlib
configure:5860: result: ranlib
configure:5962: checking command to parse nm output from /home/dick/workspace/tools/nacl-sdk/pepper_canary/toolchain/linux_pnacl/bin/pnacl-clang object
configure:6082: /home/dick/workspace/tools/nacl-sdk/pepper_canary/toolchain/linux_pnacl/bin/pnacl-clang -c -I/home/dick/workspace/tools/nacl-sdk/pepper_canary/include -I/home/dick/workspace/tools/nacl-sdk/pepper_canary/include/pnacl -D_XOPEN_SOURCE=500 -Os -Wall -Werror -std=c99 -g -Wno-pointer-sign  conftest.c >&5
configure:6085: $? = 0
configure:6089: nm conftest.o \| sed -n -e 's/^.*[ ]\([ABCDGIRSTW][ABCDGIRSTW]*\)[ ][ ]*\([_A-Za-z][_A-Za-z0-9]*\)$/\1 \2 \2/p' | sed '/ __gnu_lto/d' \> conftest.nm
nm: conftest.o: File format not recognized
configure:6092: $? = 0
cannot run sed -n -e 's/^.*[	 ]\([ABCDGIRSTW][ABCDGIRSTW]*\)[	 ][	 ]*\([_A-Za-z][_A-Za-z0-9]*\)$/\1 \2 \2/p' | sed '/ __gnu_lto/d'
configure:6082: /home/dick/workspace/tools/nacl-sdk/pepper_canary/toolchain/linux_pnacl/bin/pnacl-clang -c -I/home/dick/workspace/tools/nacl-sdk/pepper_canary/include -I/home/dick/workspace/tools/nacl-sdk/pepper_canary/include/pnacl -D_XOPEN_SOURCE=500 -Os -Wall -Werror -std=c99 -g -Wno-pointer-sign  conftest.c >&5
configure:6085: $? = 0
configure:6089: nm conftest.o \| sed -n -e 's/^.*[ ]\([ABCDGIRSTW][ABCDGIRSTW]*\)[ ][ ]*_\([_A-Za-z][_A-Za-z0-9]*\)$/\1 _\2 \2/p' | sed '/ __gnu_lto/d' \> conftest.nm
nm: conftest.o: File format not recognized
configure:6092: $? = 0
cannot run sed -n -e 's/^.*[	 ]\([ABCDGIRSTW][ABCDGIRSTW]*\)[	 ][	 ]*_\([_A-Za-z][_A-Za-z0-9]*\)$/\1 _\2 \2/p' | sed '/ __gnu_lto/d'
configure:6196: result: failed
configure:6236: checking for sysroot
configure:6266: result: no
configure:6482: checking for le32-unknown-nacl-mt
configure:6512: result: no
configure:6522: checking for mt
configure:6538: found /bin/mt
configure:6549: result: mt
configure:6572: checking if mt is a manifest tool
configure:6578: mt '-?'
configure:6586: result: no
configure:7228: checking how to run the C preprocessor
configure:7259: /home/dick/workspace/tools/nacl-sdk/pepper_canary/toolchain/linux_pnacl/bin/pnacl-clang -E  conftest.c
configure:7259: $? = 0
configure:7273: /home/dick/workspace/tools/nacl-sdk/pepper_canary/toolchain/linux_pnacl/bin/pnacl-clang -E  conftest.c
conftest.c:11:10: fatal error: 'ac_nonexistent.h' file not found
#include <ac_nonexistent.h>
         ^
1 error generated.
configure:7273: $? = 1
configure: failed program was:
| /* confdefs.h */
| #define PACKAGE_NAME "libressl"
| #define PACKAGE_TARNAME "libressl"
| #define PACKAGE_VERSION "2.0.0"
| #define PACKAGE_STRING "libressl 2.0.0"
| #define PACKAGE_BUGREPORT ""
| #define PACKAGE_URL ""
| #define PACKAGE "libressl"
| #define VERSION "2.0.0"
| /* end confdefs.h.  */
| #include <ac_nonexistent.h>
configure:7298: result: /home/dick/workspace/tools/nacl-sdk/pepper_canary/toolchain/linux_pnacl/bin/pnacl-clang -E
configure:7318: /home/dick/workspace/tools/nacl-sdk/pepper_canary/toolchain/linux_pnacl/bin/pnacl-clang -E  conftest.c
configure:7318: $? = 0
configure:7332: /home/dick/workspace/tools/nacl-sdk/pepper_canary/toolchain/linux_pnacl/bin/pnacl-clang -E  conftest.c
conftest.c:11:10: fatal error: 'ac_nonexistent.h' file not found
#include <ac_nonexistent.h>
         ^
1 error generated.
configure:7332: $? = 1
configure: failed program was:
| /* confdefs.h */
| #define PACKAGE_NAME "libressl"
| #define PACKAGE_TARNAME "libressl"
| #define PACKAGE_VERSION "2.0.0"
| #define PACKAGE_STRING "libressl 2.0.0"
| #define PACKAGE_BUGREPORT ""
| #define PACKAGE_URL ""
| #define PACKAGE "libressl"
| #define VERSION "2.0.0"
| /* end confdefs.h.  */
| #include <ac_nonexistent.h>
configure:7361: checking for ANSI C header files
configure:7381: /home/dick/workspace/tools/nacl-sdk/pepper_canary/toolchain/linux_pnacl/bin/pnacl-clang -c -I/home/dick/workspace/tools/nacl-sdk/pepper_canary/include -I/home/dick/workspace/tools/nacl-sdk/pepper_canary/include/pnacl -D_XOPEN_SOURCE=500 -Os -Wall -Werror -std=c99 -g -Wno-pointer-sign  conftest.c >&5
configure:7381: $? = 0
configure:7465: result: yes
configure:7478: checking for sys/types.h
configure:7478: /home/dick/workspace/tools/nacl-sdk/pepper_canary/toolchain/linux_pnacl/bin/pnacl-clang -c -I/home/dick/workspace/tools/nacl-sdk/pepper_canary/include -I/home/dick/workspace/tools/nacl-sdk/pepper_canary/include/pnacl -D_XOPEN_SOURCE=500 -Os -Wall -Werror -std=c99 -g -Wno-pointer-sign  conftest.c >&5
configure:7478: $? = 0
configure:7478: result: yes
configure:7478: checking for sys/stat.h
configure:7478: /home/dick/workspace/tools/nacl-sdk/pepper_canary/toolchain/linux_pnacl/bin/pnacl-clang -c -I/home/dick/workspace/tools/nacl-sdk/pepper_canary/include -I/home/dick/workspace/tools/nacl-sdk/pepper_canary/include/pnacl -D_XOPEN_SOURCE=500 -Os -Wall -Werror -std=c99 -g -Wno-pointer-sign  conftest.c >&5
configure:7478: $? = 0
configure:7478: result: yes
configure:7478: checking for stdlib.h
configure:7478: /home/dick/workspace/tools/nacl-sdk/pepper_canary/toolchain/linux_pnacl/bin/pnacl-clang -c -I/home/dick/workspace/tools/nacl-sdk/pepper_canary/include -I/home/dick/workspace/tools/nacl-sdk/pepper_canary/include/pnacl -D_XOPEN_SOURCE=500 -Os -Wall -Werror -std=c99 -g -Wno-pointer-sign  conftest.c >&5
configure:7478: $? = 0
configure:7478: result: yes
configure:7478: checking for string.h
configure:7478: /home/dick/workspace/tools/nacl-sdk/pepper_canary/toolchain/linux_pnacl/bin/pnacl-clang -c -I/home/dick/workspace/tools/nacl-sdk/pepper_canary/include -I/home/dick/workspace/tools/nacl-sdk/pepper_canary/include/pnacl -D_XOPEN_SOURCE=500 -Os -Wall -Werror -std=c99 -g -Wno-pointer-sign  conftest.c >&5
configure:7478: $? = 0
configure:7478: result: yes
configure:7478: checking for memory.h
configure:7478: /home/dick/workspace/tools/nacl-sdk/pepper_canary/toolchain/linux_pnacl/bin/pnacl-clang -c -I/home/dick/workspace/tools/nacl-sdk/pepper_canary/include -I/home/dick/workspace/tools/nacl-sdk/pepper_canary/include/pnacl -D_XOPEN_SOURCE=500 -Os -Wall -Werror -std=c99 -g -Wno-pointer-sign  conftest.c >&5
configure:7478: $? = 0
configure:7478: result: yes
configure:7478: checking for strings.h
configure:7478: /home/dick/workspace/tools/nacl-sdk/pepper_canary/toolchain/linux_pnacl/bin/pnacl-clang -c -I/home/dick/workspace/tools/nacl-sdk/pepper_canary/include -I/home/dick/workspace/tools/nacl-sdk/pepper_canary/include/pnacl -D_XOPEN_SOURCE=500 -Os -Wall -Werror -std=c99 -g -Wno-pointer-sign  conftest.c >&5
configure:7478: $? = 0
configure:7478: result: yes
configure:7478: checking for inttypes.h
configure:7478: /home/dick/workspace/tools/nacl-sdk/pepper_canary/toolchain/linux_pnacl/bin/pnacl-clang -c -I/home/dick/workspace/tools/nacl-sdk/pepper_canary/include -I/home/dick/workspace/tools/nacl-sdk/pepper_canary/include/pnacl -D_XOPEN_SOURCE=500 -Os -Wall -Werror -std=c99 -g -Wno-pointer-sign  conftest.c >&5
configure:7478: $? = 0
configure:7478: result: yes
configure:7478: checking for stdint.h
configure:7478: /home/dick/workspace/tools/nacl-sdk/pepper_canary/toolchain/linux_pnacl/bin/pnacl-clang -c -I/home/dick/workspace/tools/nacl-sdk/pepper_canary/include -I/home/dick/workspace/tools/nacl-sdk/pepper_canary/include/pnacl -D_XOPEN_SOURCE=500 -Os -Wall -Werror -std=c99 -g -Wno-pointer-sign  conftest.c >&5
configure:7478: $? = 0
configure:7478: result: yes
configure:7478: checking for unistd.h
configure:7478: /home/dick/workspace/tools/nacl-sdk/pepper_canary/toolchain/linux_pnacl/bin/pnacl-clang -c -I/home/dick/workspace/tools/nacl-sdk/pepper_canary/include -I/home/dick/workspace/tools/nacl-sdk/pepper_canary/include/pnacl -D_XOPEN_SOURCE=500 -Os -Wall -Werror -std=c99 -g -Wno-pointer-sign  conftest.c >&5
configure:7478: $? = 0
configure:7478: result: yes
configure:7492: checking for dlfcn.h
configure:7492: /home/dick/workspace/tools/nacl-sdk/pepper_canary/toolchain/linux_pnacl/bin/pnacl-clang -c -I/home/dick/workspace/tools/nacl-sdk/pepper_canary/include -I/home/dick/workspace/tools/nacl-sdk/pepper_canary/include/pnacl -D_XOPEN_SOURCE=500 -Os -Wall -Werror -std=c99 -g -Wno-pointer-sign  conftest.c >&5
conftest.c:55:10: fatal error: 'dlfcn.h' file not found
#include <dlfcn.h>
         ^
1 error generated.
configure:7492: $? = 1
configure: failed program was:
| /* confdefs.h */
| #define PACKAGE_NAME "libressl"
| #define PACKAGE_TARNAME "libressl"
| #define PACKAGE_VERSION "2.0.0"
| #define PACKAGE_STRING "libressl 2.0.0"
| #define PACKAGE_BUGREPORT ""
| #define PACKAGE_URL ""
| #define PACKAGE "libressl"
| #define VERSION "2.0.0"
| #define STDC_HEADERS 1
| #define HAVE_SYS_TYPES_H 1
| #define HAVE_SYS_STAT_H 1
| #define HAVE_STDLIB_H 1
| #define HAVE_STRING_H 1
| #define HAVE_MEMORY_H 1
| #define HAVE_STRINGS_H 1
| #define HAVE_INTTYPES_H 1
| #define HAVE_STDINT_H 1
| #define HAVE_UNISTD_H 1
| /* end confdefs.h.  */
| #include <stdio.h>
| #ifdef HAVE_SYS_TYPES_H
| # include <sys/types.h>
| #endif
| #ifdef HAVE_SYS_STAT_H
| # include <sys/stat.h>
| #endif
| #ifdef STDC_HEADERS
| # include <stdlib.h>
| # include <stddef.h>
| #else
| # ifdef HAVE_STDLIB_H
| #  include <stdlib.h>
| # endif
| #endif
| #ifdef HAVE_STRING_H
| # if !defined STDC_HEADERS && defined HAVE_MEMORY_H
| #  include <memory.h>
| # endif
| # include <string.h>
| #endif
| #ifdef HAVE_STRINGS_H
| # include <strings.h>
| #endif
| #ifdef HAVE_INTTYPES_H
| # include <inttypes.h>
| #endif
| #ifdef HAVE_STDINT_H
| # include <stdint.h>
| #endif
| #ifdef HAVE_UNISTD_H
| # include <unistd.h>
| #endif
| 
| #include <dlfcn.h>
configure:7492: result: no
configure:7698: checking for objdir
configure:7713: result: .libs
configure:7984: checking if /home/dick/workspace/tools/nacl-sdk/pepper_canary/toolchain/linux_pnacl/bin/pnacl-clang supports -fno-rtti -fno-exceptions
configure:8002: /home/dick/workspace/tools/nacl-sdk/pepper_canary/toolchain/linux_pnacl/bin/pnacl-clang -c -I/home/dick/workspace/tools/nacl-sdk/pepper_canary/include -I/home/dick/workspace/tools/nacl-sdk/pepper_canary/include/pnacl -D_XOPEN_SOURCE=500 -Os -Wall -Werror -std=c99 -g -Wno-pointer-sign  -fno-rtti -fno-exceptions conftest.c >&5
configure:8006: $? = 0
configure:8019: result: yes
configure:8346: checking for /home/dick/workspace/tools/nacl-sdk/pepper_canary/toolchain/linux_pnacl/bin/pnacl-clang option to produce PIC
configure:8353: result: -fPIC -DPIC
configure:8361: checking if /home/dick/workspace/tools/nacl-sdk/pepper_canary/toolchain/linux_pnacl/bin/pnacl-clang PIC flag -fPIC -DPIC works
configure:8379: /home/dick/workspace/tools/nacl-sdk/pepper_canary/toolchain/linux_pnacl/bin/pnacl-clang -c -I/home/dick/workspace/tools/nacl-sdk/pepper_canary/include -I/home/dick/workspace/tools/nacl-sdk/pepper_canary/include/pnacl -D_XOPEN_SOURCE=500 -Os -Wall -Werror -std=c99 -g -Wno-pointer-sign  -fPIC -DPIC -DPIC conftest.c >&5
configure:8383: $? = 0
configure:8396: result: yes
configure:8425: checking if /home/dick/workspace/tools/nacl-sdk/pepper_canary/toolchain/linux_pnacl/bin/pnacl-clang static flag -static works
configure:8453: result: yes
configure:8468: checking if /home/dick/workspace/tools/nacl-sdk/pepper_canary/toolchain/linux_pnacl/bin/pnacl-clang supports -c -o file.o
configure:8489: /home/dick/workspace/tools/nacl-sdk/pepper_canary/toolchain/linux_pnacl/bin/pnacl-clang -c -I/home/dick/workspace/tools/nacl-sdk/pepper_canary/include -I/home/dick/workspace/tools/nacl-sdk/pepper_canary/include/pnacl -D_XOPEN_SOURCE=500 -Os -Wall -Werror -std=c99 -g -Wno-pointer-sign  -o out/conftest2.o conftest.c >&5
configure:8493: $? = 0
configure:8515: result: yes
configure:8523: checking if /home/dick/workspace/tools/nacl-sdk/pepper_canary/toolchain/linux_pnacl/bin/pnacl-clang supports -c -o file.o
configure:8570: result: yes
configure:8603: checking whether the /home/dick/workspace/tools/nacl-sdk/pepper_canary/toolchain/linux_pnacl/bin/pnacl-clang linker (/usr/bin/ld) supports shared libraries
configure:9756: result: yes
configure:9996: checking dynamic linker characteristics
configure:10729: result: no
configure:10836: checking how to hardcode library paths into programs
configure:10861: result: immediate
configure:11401: checking whether stripping libraries is possible
configure:11406: result: yes
configure:11441: checking if libtool supports shared libraries
configure:11443: result: no
configure:11446: checking whether to build shared libraries
configure:11467: result: no
configure:11470: checking whether to build static libraries
configure:11474: result: yes
configure:11515: checking for /home/dick/workspace/tools/nacl-sdk/pepper_canary/toolchain/linux_pnacl/bin/pnacl-clang option to accept ISO C99
configure:11664: /home/dick/workspace/tools/nacl-sdk/pepper_canary/toolchain/linux_pnacl/bin/pnacl-clang  -c -I/home/dick/workspace/tools/nacl-sdk/pepper_canary/include -I/home/dick/workspace/tools/nacl-sdk/pepper_canary/include/pnacl -D_XOPEN_SOURCE=500 -Os -Wall -Werror -std=c99 -g -Wno-pointer-sign  conftest.c >&5
configure:11664: $? = 0
configure:11677: result: none needed
configure:11785: checking for /home/dick/workspace/tools/nacl-sdk/pepper_canary/toolchain/linux_pnacl/bin/pnacl-clang option to accept ISO Standard C
configure:11796: result: none needed
configure:11805: checking for strlcpy
configure:11805: /home/dick/workspace/tools/nacl-sdk/pepper_canary/toolchain/linux_pnacl/bin/pnacl-clang -o conftest -I/home/dick/workspace/tools/nacl-sdk/pepper_canary/include -I/home/dick/workspace/tools/nacl-sdk/pepper_canary/include/pnacl -D_XOPEN_SOURCE=500 -Os -Wall -Werror -std=c99 -g -Wno-pointer-sign   conftest.c  >&5
configure:11805: $? = 0
configure:11805: result: yes
configure:11807: checking for library containing strlcpy
configure:11838: /home/dick/workspace/tools/nacl-sdk/pepper_canary/toolchain/linux_pnacl/bin/pnacl-clang -o conftest -I/home/dick/workspace/tools/nacl-sdk/pepper_canary/include -I/home/dick/workspace/tools/nacl-sdk/pepper_canary/include/pnacl -D_XOPEN_SOURCE=500 -Os -Wall -Werror -std=c99 -g -Wno-pointer-sign   conftest.c  >&5
configure:11838: $? = 0
configure:11855: result: none required
configure:11879: checking for strlcat
configure:11879: /home/dick/workspace/tools/nacl-sdk/pepper_canary/toolchain/linux_pnacl/bin/pnacl-clang -o conftest -I/home/dick/workspace/tools/nacl-sdk/pepper_canary/include -I/home/dick/workspace/tools/nacl-sdk/pepper_canary/include/pnacl -D_XOPEN_SOURCE=500 -Os -Wall -Werror -std=c99 -g -Wno-pointer-sign   conftest.c  >&5
configure:11879: $? = 0
configure:11879: result: yes
configure:11881: checking for library containing strlcat
configure:11912: /home/dick/workspace/tools/nacl-sdk/pepper_canary/toolchain/linux_pnacl/bin/pnacl-clang -o conftest -I/home/dick/workspace/tools/nacl-sdk/pepper_canary/include -I/home/dick/workspace/tools/nacl-sdk/pepper_canary/include/pnacl -D_XOPEN_SOURCE=500 -Os -Wall -Werror -std=c99 -g -Wno-pointer-sign   conftest.c  >&5
configure:11912: $? = 0
configure:11929: result: none required
configure:11953: checking for reallocarray
configure:11953: /home/dick/workspace/tools/nacl-sdk/pepper_canary/toolchain/linux_pnacl/bin/pnacl-clang -o conftest -I/home/dick/workspace/tools/nacl-sdk/pepper_canary/include -I/home/dick/workspace/tools/nacl-sdk/pepper_canary/include/pnacl -D_XOPEN_SOURCE=500 -Os -Wall -Werror -std=c99 -g -Wno-pointer-sign   conftest.c  >&5
/home/dick/workspace/src/rust-ppapi/deps/libressl-2.0.0/conftest---conftest.c---.po: error: undefined reference to 'reallocarray'
configure:11953: $? = 1
configure: failed program was:
| /* confdefs.h */
| #define PACKAGE_NAME "libressl"
| #define PACKAGE_TARNAME "libressl"
| #define PACKAGE_VERSION "2.0.0"
| #define PACKAGE_STRING "libressl 2.0.0"
| #define PACKAGE_BUGREPORT ""
| #define PACKAGE_URL ""
| #define PACKAGE "libressl"
| #define VERSION "2.0.0"
| #define STDC_HEADERS 1
| #define HAVE_SYS_TYPES_H 1
| #define HAVE_SYS_STAT_H 1
| #define HAVE_STDLIB_H 1
| #define HAVE_STRING_H 1
| #define HAVE_MEMORY_H 1
| #define HAVE_STRINGS_H 1
| #define HAVE_INTTYPES_H 1
| #define HAVE_STDINT_H 1
| #define HAVE_UNISTD_H 1
| #define LT_OBJDIR ".libs/"
| /* end confdefs.h.  */
| /* Define reallocarray to an innocuous variant, in case <limits.h> declares reallocarray.
|    For example, HP-UX 11i <limits.h> declares gettimeofday.  */
| #define reallocarray innocuous_reallocarray
| 
| /* System header to define __stub macros and hopefully few prototypes,
|     which can conflict with char reallocarray (); below.
|     Prefer <limits.h> to <assert.h> if __STDC__ is defined, since
|     <limits.h> exists even on freestanding compilers.  */
| 
| #ifdef __STDC__
| # include <limits.h>
| #else
| # include <assert.h>
| #endif
| 
| #undef reallocarray
| 
| /* Override any GCC internal prototype to avoid an error.
|    Use char because int might match the return type of a GCC
|    builtin and then its argument prototype would still apply.  */
| #ifdef __cplusplus
| extern "C"
| #endif
| char reallocarray ();
| /* The GNU C library defines this for functions which it implements
|     to always fail with ENOSYS.  Some functions are actually named
|     something starting with __ and the normal name is an alias.  */
| #if defined __stub_reallocarray || defined __stub___reallocarray
| choke me
| #endif
| 
| int
| main ()
| {
| return reallocarray ();
|   ;
|   return 0;
| }
configure:11953: result: no
configure:12027: checking for timingsafe_bcmp
configure:12027: /home/dick/workspace/tools/nacl-sdk/pepper_canary/toolchain/linux_pnacl/bin/pnacl-clang -o conftest -I/home/dick/workspace/tools/nacl-sdk/pepper_canary/include -I/home/dick/workspace/tools/nacl-sdk/pepper_canary/include/pnacl -D_XOPEN_SOURCE=500 -Os -Wall -Werror -std=c99 -g -Wno-pointer-sign   conftest.c  >&5
/home/dick/workspace/src/rust-ppapi/deps/libressl-2.0.0/conftest---conftest.c---.po: error: undefined reference to 'timingsafe_bcmp'
configure:12027: $? = 1
configure: failed program was:
| /* confdefs.h */
| #define PACKAGE_NAME "libressl"
| #define PACKAGE_TARNAME "libressl"
| #define PACKAGE_VERSION "2.0.0"
| #define PACKAGE_STRING "libressl 2.0.0"
| #define PACKAGE_BUGREPORT ""
| #define PACKAGE_URL ""
| #define PACKAGE "libressl"
| #define VERSION "2.0.0"
| #define STDC_HEADERS 1
| #define HAVE_SYS_TYPES_H 1
| #define HAVE_SYS_STAT_H 1
| #define HAVE_STDLIB_H 1
| #define HAVE_STRING_H 1
| #define HAVE_MEMORY_H 1
| #define HAVE_STRINGS_H 1
| #define HAVE_INTTYPES_H 1
| #define HAVE_STDINT_H 1
| #define HAVE_UNISTD_H 1
| #define LT_OBJDIR ".libs/"
| /* end confdefs.h.  */
| /* Define timingsafe_bcmp to an innocuous variant, in case <limits.h> declares timingsafe_bcmp.
|    For example, HP-UX 11i <limits.h> declares gettimeofday.  */
| #define timingsafe_bcmp innocuous_timingsafe_bcmp
| 
| /* System header to define __stub macros and hopefully few prototypes,
|     which can conflict with char timingsafe_bcmp (); below.
|     Prefer <limits.h> to <assert.h> if __STDC__ is defined, since
|     <limits.h> exists even on freestanding compilers.  */
| 
| #ifdef __STDC__
| # include <limits.h>
| #else
| # include <assert.h>
| #endif
| 
| #undef timingsafe_bcmp
| 
| /* Override any GCC internal prototype to avoid an error.
|    Use char because int might match the return type of a GCC
|    builtin and then its argument prototype would still apply.  */
| #ifdef __cplusplus
| extern "C"
| #endif
| char timingsafe_bcmp ();
| /* The GNU C library defines this for functions which it implements
|     to always fail with ENOSYS.  Some functions are actually named
|     something starting with __ and the normal name is an alias.  */
| #if defined __stub_timingsafe_bcmp || defined __stub___timingsafe_bcmp
| choke me
| #endif
| 
| int
| main ()
| {
| return timingsafe_bcmp ();
|   ;
|   return 0;
| }
configure:12027: result: no
configure:12101: checking for timingsafe_memcmp
configure:12101: /home/dick/workspace/tools/nacl-sdk/pepper_canary/toolchain/linux_pnacl/bin/pnacl-clang -o conftest -I/home/dick/workspace/tools/nacl-sdk/pepper_canary/include -I/home/dick/workspace/tools/nacl-sdk/pepper_canary/include/pnacl -D_XOPEN_SOURCE=500 -Os -Wall -Werror -std=c99 -g -Wno-pointer-sign   conftest.c  >&5
/home/dick/workspace/src/rust-ppapi/deps/libressl-2.0.0/conftest---conftest.c---.po: error: undefined reference to 'timingsafe_memcmp'
configure:12101: $? = 1
configure: failed program was:
| /* confdefs.h */
| #define PACKAGE_NAME "libressl"
| #define PACKAGE_TARNAME "libressl"
| #define PACKAGE_VERSION "2.0.0"
| #define PACKAGE_STRING "libressl 2.0.0"
| #define PACKAGE_BUGREPORT ""
| #define PACKAGE_URL ""
| #define PACKAGE "libressl"
| #define VERSION "2.0.0"
| #define STDC_HEADERS 1
| #define HAVE_SYS_TYPES_H 1
| #define HAVE_SYS_STAT_H 1
| #define HAVE_STDLIB_H 1
| #define HAVE_STRING_H 1
| #define HAVE_MEMORY_H 1
| #define HAVE_STRINGS_H 1
| #define HAVE_INTTYPES_H 1
| #define HAVE_STDINT_H 1
| #define HAVE_UNISTD_H 1
| #define LT_OBJDIR ".libs/"
| /* end confdefs.h.  */
| /* Define timingsafe_memcmp to an innocuous variant, in case <limits.h> declares timingsafe_memcmp.
|    For example, HP-UX 11i <limits.h> declares gettimeofday.  */
| #define timingsafe_memcmp innocuous_timingsafe_memcmp
| 
| /* System header to define __stub macros and hopefully few prototypes,
|     which can conflict with char timingsafe_memcmp (); below.
|     Prefer <limits.h> to <assert.h> if __STDC__ is defined, since
|     <limits.h> exists even on freestanding compilers.  */
| 
| #ifdef __STDC__
| # include <limits.h>
| #else
| # include <assert.h>
| #endif
| 
| #undef timingsafe_memcmp
| 
| /* Override any GCC internal prototype to avoid an error.
|    Use char because int might match the return type of a GCC
|    builtin and then its argument prototype would still apply.  */
| #ifdef __cplusplus
| extern "C"
| #endif
| char timingsafe_memcmp ();
| /* The GNU C library defines this for functions which it implements
|     to always fail with ENOSYS.  Some functions are actually named
|     something starting with __ and the normal name is an alias.  */
| #if defined __stub_timingsafe_memcmp || defined __stub___timingsafe_memcmp
| choke me
| #endif
| 
| int
| main ()
| {
| return timingsafe_memcmp ();
|   ;
|   return 0;
| }
configure:12101: result: no
configure:12175: checking for arc4random_buf
configure:12175: /home/dick/workspace/tools/nacl-sdk/pepper_canary/toolchain/linux_pnacl/bin/pnacl-clang -o conftest -I/home/dick/workspace/tools/nacl-sdk/pepper_canary/include -I/home/dick/workspace/tools/nacl-sdk/pepper_canary/include/pnacl -D_XOPEN_SOURCE=500 -Os -Wall -Werror -std=c99 -g -Wno-pointer-sign   conftest.c  >&5
/home/dick/workspace/src/rust-ppapi/deps/libressl-2.0.0/conftest---conftest.c---.po: error: undefined reference to 'arc4random_buf'
configure:12175: $? = 1
configure: failed program was:
| /* confdefs.h */
| #define PACKAGE_NAME "libressl"
| #define PACKAGE_TARNAME "libressl"
| #define PACKAGE_VERSION "2.0.0"
| #define PACKAGE_STRING "libressl 2.0.0"
| #define PACKAGE_BUGREPORT ""
| #define PACKAGE_URL ""
| #define PACKAGE "libressl"
| #define VERSION "2.0.0"
| #define STDC_HEADERS 1
| #define HAVE_SYS_TYPES_H 1
| #define HAVE_SYS_STAT_H 1
| #define HAVE_STDLIB_H 1
| #define HAVE_STRING_H 1
| #define HAVE_MEMORY_H 1
| #define HAVE_STRINGS_H 1
| #define HAVE_INTTYPES_H 1
| #define HAVE_STDINT_H 1
| #define HAVE_UNISTD_H 1
| #define LT_OBJDIR ".libs/"
| /* end confdefs.h.  */
| /* Define arc4random_buf to an innocuous variant, in case <limits.h> declares arc4random_buf.
|    For example, HP-UX 11i <limits.h> declares gettimeofday.  */
| #define arc4random_buf innocuous_arc4random_buf
| 
| /* System header to define __stub macros and hopefully few prototypes,
|     which can conflict with char arc4random_buf (); below.
|     Prefer <limits.h> to <assert.h> if __STDC__ is defined, since
|     <limits.h> exists even on freestanding compilers.  */
| 
| #ifdef __STDC__
| # include <limits.h>
| #else
| # include <assert.h>
| #endif
| 
| #undef arc4random_buf
| 
| /* Override any GCC internal prototype to avoid an error.
|    Use char because int might match the return type of a GCC
|    builtin and then its argument prototype would still apply.  */
| #ifdef __cplusplus
| extern "C"
| #endif
| char arc4random_buf ();
| /* The GNU C library defines this for functions which it implements
|     to always fail with ENOSYS.  Some functions are actually named
|     something starting with __ and the normal name is an alias.  */
| #if defined __stub_arc4random_buf || defined __stub___arc4random_buf
| choke me
| #endif
| 
| int
| main ()
| {
| return arc4random_buf ();
|   ;
|   return 0;
| }
configure:12175: result: no
configure:12261: checking for getentropy
configure:12261: /home/dick/workspace/tools/nacl-sdk/pepper_canary/toolchain/linux_pnacl/bin/pnacl-clang -o conftest -I/home/dick/workspace/tools/nacl-sdk/pepper_canary/include -I/home/dick/workspace/tools/nacl-sdk/pepper_canary/include/pnacl -D_XOPEN_SOURCE=500 -Os -Wall -Werror -std=c99 -g -Wno-pointer-sign   conftest.c  >&5
/home/dick/workspace/src/rust-ppapi/deps/libressl-2.0.0/conftest---conftest.c---.po: error: undefined reference to 'getentropy'
configure:12261: $? = 1
configure: failed program was:
| /* confdefs.h */
| #define PACKAGE_NAME "libressl"
| #define PACKAGE_TARNAME "libressl"
| #define PACKAGE_VERSION "2.0.0"
| #define PACKAGE_STRING "libressl 2.0.0"
| #define PACKAGE_BUGREPORT ""
| #define PACKAGE_URL ""
| #define PACKAGE "libressl"
| #define VERSION "2.0.0"
| #define STDC_HEADERS 1
| #define HAVE_SYS_TYPES_H 1
| #define HAVE_SYS_STAT_H 1
| #define HAVE_STDLIB_H 1
| #define HAVE_STRING_H 1
| #define HAVE_MEMORY_H 1
| #define HAVE_STRINGS_H 1
| #define HAVE_INTTYPES_H 1
| #define HAVE_STDINT_H 1
| #define HAVE_UNISTD_H 1
| #define LT_OBJDIR ".libs/"
| /* end confdefs.h.  */
| /* Define getentropy to an innocuous variant, in case <limits.h> declares getentropy.
|    For example, HP-UX 11i <limits.h> declares gettimeofday.  */
| #define getentropy innocuous_getentropy
| 
| /* System header to define __stub macros and hopefully few prototypes,
|     which can conflict with char getentropy (); below.
|     Prefer <limits.h> to <assert.h> if __STDC__ is defined, since
|     <limits.h> exists even on freestanding compilers.  */
| 
| #ifdef __STDC__
| # include <limits.h>
| #else
| # include <assert.h>
| #endif
| 
| #undef getentropy
| 
| /* Override any GCC internal prototype to avoid an error.
|    Use char because int might match the return type of a GCC
|    builtin and then its argument prototype would still apply.  */
| #ifdef __cplusplus
| extern "C"
| #endif
| char getentropy ();
| /* The GNU C library defines this for functions which it implements
|     to always fail with ENOSYS.  Some functions are actually named
|     something starting with __ and the normal name is an alias.  */
| #if defined __stub_getentropy || defined __stub___getentropy
| choke me
| #endif
| 
| int
| main ()
| {
| return getentropy ();
|   ;
|   return 0;
| }
configure:12261: result: no
configure:12335: checking for issetugid
configure:12335: /home/dick/workspace/tools/nacl-sdk/pepper_canary/toolchain/linux_pnacl/bin/pnacl-clang -o conftest -I/home/dick/workspace/tools/nacl-sdk/pepper_canary/include -I/home/dick/workspace/tools/nacl-sdk/pepper_canary/include/pnacl -D_XOPEN_SOURCE=500 -Os -Wall -Werror -std=c99 -g -Wno-pointer-sign   conftest.c  >&5
configure:12335: $? = 0
configure:12335: result: yes
configure:12337: checking for library containing write
configure:12368: /home/dick/workspace/tools/nacl-sdk/pepper_canary/toolchain/linux_pnacl/bin/pnacl-clang -o conftest -I/home/dick/workspace/tools/nacl-sdk/pepper_canary/include -I/home/dick/workspace/tools/nacl-sdk/pepper_canary/include/pnacl -D_XOPEN_SOURCE=500 -Os -Wall -Werror -std=c99 -g -Wno-pointer-sign   conftest.c  >&5
configure:12368: $? = 0
configure:12385: result: none required
configure:12409: checking for strtonum
configure:12409: /home/dick/workspace/tools/nacl-sdk/pepper_canary/toolchain/linux_pnacl/bin/pnacl-clang -o conftest -I/home/dick/workspace/tools/nacl-sdk/pepper_canary/include -I/home/dick/workspace/tools/nacl-sdk/pepper_canary/include/pnacl -D_XOPEN_SOURCE=500 -Os -Wall -Werror -std=c99 -g -Wno-pointer-sign   conftest.c  >&5
/home/dick/workspace/src/rust-ppapi/deps/libressl-2.0.0/conftest---conftest.c---.po: error: undefined reference to 'strtonum'
configure:12409: $? = 1
configure: failed program was:
| /* confdefs.h */
| #define PACKAGE_NAME "libressl"
| #define PACKAGE_TARNAME "libressl"
| #define PACKAGE_VERSION "2.0.0"
| #define PACKAGE_STRING "libressl 2.0.0"
| #define PACKAGE_BUGREPORT ""
| #define PACKAGE_URL ""
| #define PACKAGE "libressl"
| #define VERSION "2.0.0"
| #define STDC_HEADERS 1
| #define HAVE_SYS_TYPES_H 1
| #define HAVE_SYS_STAT_H 1
| #define HAVE_STDLIB_H 1
| #define HAVE_STRING_H 1
| #define HAVE_MEMORY_H 1
| #define HAVE_STRINGS_H 1
| #define HAVE_INTTYPES_H 1
| #define HAVE_STDINT_H 1
| #define HAVE_UNISTD_H 1
| #define LT_OBJDIR ".libs/"
| /* end confdefs.h.  */
| /* Define strtonum to an innocuous variant, in case <limits.h> declares strtonum.
|    For example, HP-UX 11i <limits.h> declares gettimeofday.  */
| #define strtonum innocuous_strtonum
| 
| /* System header to define __stub macros and hopefully few prototypes,
|     which can conflict with char strtonum (); below.
|     Prefer <limits.h> to <assert.h> if __STDC__ is defined, since
|     <limits.h> exists even on freestanding compilers.  */
| 
| #ifdef __STDC__
| # include <limits.h>
| #else
| # include <assert.h>
| #endif
| 
| #undef strtonum
| 
| /* Override any GCC internal prototype to avoid an error.
|    Use char because int might match the return type of a GCC
|    builtin and then its argument prototype would still apply.  */
| #ifdef __cplusplus
| extern "C"
| #endif
| char strtonum ();
| /* The GNU C library defines this for functions which it implements
|     to always fail with ENOSYS.  Some functions are actually named
|     something starting with __ and the normal name is an alias.  */
| #if defined __stub_strtonum || defined __stub___strtonum
| choke me
| #endif
| 
| int
| main ()
| {
| return strtonum ();
|   ;
|   return 0;
| }
configure:12409: result: no
configure:12483: checking for getauxval
configure:12483: /home/dick/workspace/tools/nacl-sdk/pepper_canary/toolchain/linux_pnacl/bin/pnacl-clang -o conftest -I/home/dick/workspace/tools/nacl-sdk/pepper_canary/include -I/home/dick/workspace/tools/nacl-sdk/pepper_canary/include/pnacl -D_XOPEN_SOURCE=500 -Os -Wall -Werror -std=c99 -g -Wno-pointer-sign   conftest.c  >&5
/home/dick/workspace/src/rust-ppapi/deps/libressl-2.0.0/conftest---conftest.c---.po: error: undefined reference to 'getauxval'
configure:12483: $? = 1
configure: failed program was:
| /* confdefs.h */
| #define PACKAGE_NAME "libressl"
| #define PACKAGE_TARNAME "libressl"
| #define PACKAGE_VERSION "2.0.0"
| #define PACKAGE_STRING "libressl 2.0.0"
| #define PACKAGE_BUGREPORT ""
| #define PACKAGE_URL ""
| #define PACKAGE "libressl"
| #define VERSION "2.0.0"
| #define STDC_HEADERS 1
| #define HAVE_SYS_TYPES_H 1
| #define HAVE_SYS_STAT_H 1
| #define HAVE_STDLIB_H 1
| #define HAVE_STRING_H 1
| #define HAVE_MEMORY_H 1
| #define HAVE_STRINGS_H 1
| #define HAVE_INTTYPES_H 1
| #define HAVE_STDINT_H 1
| #define HAVE_UNISTD_H 1
| #define LT_OBJDIR ".libs/"
| /* end confdefs.h.  */
| /* Define getauxval to an innocuous variant, in case <limits.h> declares getauxval.
|    For example, HP-UX 11i <limits.h> declares gettimeofday.  */
| #define getauxval innocuous_getauxval
| 
| /* System header to define __stub macros and hopefully few prototypes,
|     which can conflict with char getauxval (); below.
|     Prefer <limits.h> to <assert.h> if __STDC__ is defined, since
|     <limits.h> exists even on freestanding compilers.  */
| 
| #ifdef __STDC__
| # include <limits.h>
| #else
| # include <assert.h>
| #endif
| 
| #undef getauxval
| 
| /* Override any GCC internal prototype to avoid an error.
|    Use char because int might match the return type of a GCC
|    builtin and then its argument prototype would still apply.  */
| #ifdef __cplusplus
| extern "C"
| #endif
| char getauxval ();
| /* The GNU C library defines this for functions which it implements
|     to always fail with ENOSYS.  Some functions are actually named
|     something starting with __ and the normal name is an alias.  */
| #if defined __stub_getauxval || defined __stub___getauxval
| choke me
| #endif
| 
| int
| main ()
| {
| return getauxval ();
|   ;
|   return 0;
| }
configure:12483: result: no
configure:12490: checking for funopen
configure:12490: /home/dick/workspace/tools/nacl-sdk/pepper_canary/toolchain/linux_pnacl/bin/pnacl-clang -o conftest -I/home/dick/workspace/tools/nacl-sdk/pepper_canary/include -I/home/dick/workspace/tools/nacl-sdk/pepper_canary/include/pnacl -D_XOPEN_SOURCE=500 -Os -Wall -Werror -std=c99 -g -Wno-pointer-sign   conftest.c  >&5
configure:12490: $? = 0
configure:12490: result: yes
configure:12646: checking that generated files are newer than configure
configure:12652: result: done
configure:12727: creating ./config.status

## ---------------------- ##
## Running config.status. ##
## ---------------------- ##

This file was extended by libressl config.status 2.0.0, which was
generated by GNU Autoconf 2.69.  Invocation command line was

  CONFIG_FILES    = 
  CONFIG_HEADERS  = 
  CONFIG_LINKS    = 
  CONFIG_COMMANDS = 
  $ ./config.status 

on ununseptium

config.status:1047: creating Makefile
config.status:1047: creating include/Makefile
config.status:1047: creating include/openssl/Makefile
config.status:1047: creating ssl/Makefile
config.status:1047: creating crypto/Makefile
config.status:1047: creating tests/Makefile
config.status:1047: creating apps/Makefile
config.status:1047: creating man/Makefile
config.status:1219: executing depfiles commands
config.status:1219: executing libtool commands

## ---------------- ##
## Cache variables. ##
## ---------------- ##

ac_cv_build=x86_64-unknown-linux-gnu
ac_cv_c_compiler_gnu=yes
ac_cv_env_CC_set=set
ac_cv_env_CC_value=/home/dick/workspace/tools/nacl-sdk/pepper_canary/toolchain/linux_pnacl/bin/pnacl-clang
ac_cv_env_CFLAGS_set=set
ac_cv_env_CFLAGS_value='-I/home/dick/workspace/tools/nacl-sdk/pepper_canary/include -I/home/dick/workspace/tools/nacl-sdk/pepper_canary/include/pnacl -D_XOPEN_SOURCE=500 -Os'
ac_cv_env_CPPFLAGS_set=
ac_cv_env_CPPFLAGS_value=
ac_cv_env_CPP_set=
ac_cv_env_CPP_value=
ac_cv_env_LDFLAGS_set=
ac_cv_env_LDFLAGS_value=
ac_cv_env_LIBS_set=
ac_cv_env_LIBS_value=
ac_cv_env_build_alias_set=
ac_cv_env_build_alias_value=
ac_cv_env_host_alias_set=set
ac_cv_env_host_alias_value=le32-unknown-nacl
ac_cv_env_target_alias_set=
ac_cv_env_target_alias_value=
ac_cv_func_arc4random_buf=no
ac_cv_func_funopen=yes
ac_cv_func_getauxval=no
ac_cv_func_getentropy=no
ac_cv_func_issetugid=yes
ac_cv_func_reallocarray=no
ac_cv_func_strlcat=yes
ac_cv_func_strlcpy=yes
ac_cv_func_strtonum=no
ac_cv_func_timingsafe_bcmp=no
ac_cv_func_timingsafe_memcmp=no
ac_cv_header_dlfcn_h=no
ac_cv_header_inttypes_h=yes
ac_cv_header_memory_h=yes
ac_cv_header_stdc=yes
ac_cv_header_stdint_h=yes
ac_cv_header_stdlib_h=yes
ac_cv_header_string_h=yes
ac_cv_header_strings_h=yes
ac_cv_header_sys_stat_h=yes
ac_cv_header_sys_types_h=yes
ac_cv_header_unistd_h=yes
ac_cv_host=le32-unknown-nacl
ac_cv_objext=o
ac_cv_path_EGREP='/bin/grep -E'
ac_cv_path_FGREP='/bin/grep -F'
ac_cv_path_GREP=/bin/grep
ac_cv_path_SED=/bin/sed
ac_cv_path_install='/usr/bin/install -c'
ac_cv_path_mkdir=/bin/mkdir
ac_cv_prog_AWK=gawk
ac_cv_prog_CC=/home/dick/workspace/tools/nacl-sdk/pepper_canary/toolchain/linux_pnacl/bin/pnacl-clang
ac_cv_prog_CPP='/home/dick/workspace/tools/nacl-sdk/pepper_canary/toolchain/linux_pnacl/bin/pnacl-clang -E'
ac_cv_prog_STRIP=strip
ac_cv_prog_ac_ct_AR=ar
ac_cv_prog_ac_ct_DUMPBIN='link -dump'
ac_cv_prog_ac_ct_MANIFEST_TOOL=mt
ac_cv_prog_ac_ct_OBJDUMP=objdump
ac_cv_prog_ac_ct_RANLIB=ranlib
ac_cv_prog_ac_ct_STRIP=strip
ac_cv_prog_cc_c89=
ac_cv_prog_cc_c99=
ac_cv_prog_cc_g=yes
ac_cv_prog_cc_stdc=
ac_cv_prog_make_make_set=yes
ac_cv_search_strlcat='none required'
ac_cv_search_strlcpy='none required'
ac_cv_search_write='none required'
ac_cv_target=le32-unknown-nacl
am_cv_CC_dependencies_compiler_type=gcc3
am_cv_make_support_nested_variables=yes
am_cv_prog_cc_c_o=yes
lt_cv_ar_at_file=@
lt_cv_deplibs_check_method=unknown
lt_cv_file_magic_cmd='$MAGIC_CMD'
lt_cv_file_magic_test_file=
lt_cv_ld_reload_flag=-r
lt_cv_nm_interface='BSD nm'
lt_cv_objdir=.libs
lt_cv_path_LD=/usr/bin/ld
lt_cv_path_NM=no
lt_cv_path_mainfest_tool=no
lt_cv_prog_compiler_c_o=yes
lt_cv_prog_compiler_pic='-fPIC -DPIC'
lt_cv_prog_compiler_pic_works=yes
lt_cv_prog_compiler_rtti_exceptions=yes
lt_cv_prog_compiler_static_works=yes
lt_cv_prog_gnu_ld=yes
lt_cv_sharedlib_from_linklib_cmd='printf %s\n'
lt_cv_sys_global_symbol_pipe=
lt_cv_sys_global_symbol_to_c_name_address='sed -n -e '\''s/^: \([^ ]*\)[ ]*$/  {\"\1\", (void *) 0},/p'\'' -e '\''s/^[ABCDGIRSTW]* \([^ ]*\) \([^ ]*\)$/  {"\2", (void *) \&\2},/p'\'''
lt_cv_sys_global_symbol_to_c_name_address_lib_prefix='sed -n -e '\''s/^: \([^ ]*\)[ ]*$/  {\"\1\", (void *) 0},/p'\'' -e '\''s/^[ABCDGIRSTW]* \([^ ]*\) \(lib[^ ]*\)$/  {"\2", (void *) \&\2},/p'\'' -e '\''s/^[ABCDGIRSTW]* \([^ ]*\) \([^ ]*\)$/  {"lib\2", (void *) \&\2},/p'\'''
lt_cv_sys_global_symbol_to_cdecl=
lt_cv_sys_max_cmd_len=1635000
lt_cv_to_host_file_cmd=func_convert_file_noop
lt_cv_to_tool_file_cmd=func_convert_file_noop

## ----------------- ##
## Output variables. ##
## ----------------- ##

ACLOCAL='${SHELL} /home/dick/workspace/src/rust-ppapi/deps/libressl-2.0.0/missing aclocal-1.14'
AMDEPBACKSLASH='\'
AMDEP_FALSE='#'
AMDEP_TRUE=''
AMTAR='$${TAR-tar}'
AM_BACKSLASH='\'
AM_DEFAULT_V='$(AM_DEFAULT_VERBOSITY)'
AM_DEFAULT_VERBOSITY='0'
AM_V='$(V)'
AR='ar'
AUTOCONF='${SHELL} /home/dick/workspace/src/rust-ppapi/deps/libressl-2.0.0/missing autoconf'
AUTOHEADER='${SHELL} /home/dick/workspace/src/rust-ppapi/deps/libressl-2.0.0/missing autoheader'
AUTOMAKE='${SHELL} /home/dick/workspace/src/rust-ppapi/deps/libressl-2.0.0/missing automake-1.14'
AWK='gawk'
CC='/home/dick/workspace/tools/nacl-sdk/pepper_canary/toolchain/linux_pnacl/bin/pnacl-clang'
CCDEPMODE='depmode=gcc3'
CFLAGS='-I/home/dick/workspace/tools/nacl-sdk/pepper_canary/include -I/home/dick/workspace/tools/nacl-sdk/pepper_canary/include/pnacl -D_XOPEN_SOURCE=500 -Os -Wall -Werror -std=c99 -g -Wno-pointer-sign'
CPP='/home/dick/workspace/tools/nacl-sdk/pepper_canary/toolchain/linux_pnacl/bin/pnacl-clang -E'
CPPFLAGS=''
CYGPATH_W='echo'
DEFS='-DPACKAGE_NAME=\"libressl\" -DPACKAGE_TARNAME=\"libressl\" -DPACKAGE_VERSION=\"2.0.0\" -DPACKAGE_STRING=\"libressl\ 2.0.0\" -DPACKAGE_BUGREPORT=\"\" -DPACKAGE_URL=\"\" -DPACKAGE=\"libressl\" -DVERSION=\"2.0.0\" -DSTDC_HEADERS=1 -DHAVE_SYS_TYPES_H=1 -DHAVE_SYS_STAT_H=1 -DHAVE_STDLIB_H=1 -DHAVE_STRING_H=1 -DHAVE_MEMORY_H=1 -DHAVE_STRINGS_H=1 -DHAVE_INTTYPES_H=1 -DHAVE_STDINT_H=1 -DHAVE_UNISTD_H=1 -DLT_OBJDIR=\".libs/\" -DHAVE_FUNOPEN=1'
DEPDIR='.deps'
DLLTOOL='false'
DSYMUTIL=''
DUMPBIN=':'
ECHO_C=''
ECHO_N='-n'
ECHO_T=''
EGREP='/bin/grep -E'
EXEEXT=''
FGREP='/bin/grep -F'
GREP='/bin/grep'
INSTALL_DATA='${INSTALL} -m 644'
INSTALL_PROGRAM='${INSTALL}'
INSTALL_SCRIPT='${INSTALL}'
INSTALL_STRIP_PROGRAM='$(install_sh) -c -s'
LD='/usr/bin/ld'
LDFLAGS=''
LIBOBJS=''
LIBS=''
LIBTOOL='$(SHELL) $(top_builddir)/libtool'
LIPO=''
LN_S='ln -s'
LTLIBOBJS=''
MAKEINFO='${SHELL} /home/dick/workspace/src/rust-ppapi/deps/libressl-2.0.0/missing makeinfo'
MANIFEST_TOOL=':'
MKDIR_P='/bin/mkdir -p'
NM='nm'
NMEDIT=''
NO_ARC4RANDOM_BUF='yes'
NO_ARC4RANDOM_BUF_FALSE='#'
NO_ARC4RANDOM_BUF_TRUE=''
NO_GETENTROPY='yes'
NO_GETENTROPY_FALSE='#'
NO_GETENTROPY_TRUE=''
NO_ISSETUGID=''
NO_ISSETUGID_FALSE=''
NO_ISSETUGID_TRUE='#'
NO_REALLOCARRAY='yes'
NO_REALLOCARRAY_FALSE='#'
NO_REALLOCARRAY_TRUE=''
NO_STRLCAT=''
NO_STRLCAT_FALSE=''
NO_STRLCAT_TRUE='#'
NO_STRLCPY=''
NO_STRLCPY_FALSE=''
NO_STRLCPY_TRUE='#'
NO_STRTONUM='yes'
NO_STRTONUM_FALSE='#'
NO_STRTONUM_TRUE=''
NO_TIMINGSAFE_BCMP='yes'
NO_TIMINGSAFE_BCMP_FALSE='#'
NO_TIMINGSAFE_BCMP_TRUE=''
NO_TIMINGSAFE_MEMCMP='yes'
NO_TIMINGSAFE_MEMCMP_FALSE='#'
NO_TIMINGSAFE_MEMCMP_TRUE=''
OBJDUMP='objdump'
OBJEXT='o'
OTOOL64=''
OTOOL=''
PACKAGE='libressl'
PACKAGE_BUGREPORT=''
PACKAGE_NAME='libressl'
PACKAGE_STRING='libressl 2.0.0'
PACKAGE_TARNAME='libressl'
PACKAGE_URL=''
PACKAGE_VERSION='2.0.0'
PATH_SEPARATOR=':'
PLATFORM_LDADD=''
RANLIB='ranlib'
SED='/bin/sed'
SET_MAKE=''
SHELL='/bin/bash'
STRIP='strip'
TARGET_DARWIN_FALSE=''
TARGET_DARWIN_TRUE='#'
TARGET_LINUX_FALSE=''
TARGET_LINUX_TRUE='#'
TARGET_SOLARIS_FALSE=''
TARGET_SOLARIS_TRUE='#'
USER_CFLAGS='-O2 -I/home/dick/workspace/tools/nacl-sdk/pepper_canary/include -I/home/dick/workspace/tools/nacl-sdk/pepper_canary/include/pnacl -D_XOPEN_SOURCE=500 -Os'
VERSION='2.0.0'
ac_ct_AR='ar'
ac_ct_CC=''
ac_ct_DUMPBIN='link -dump'
am__EXEEXT_FALSE=''
am__EXEEXT_TRUE='#'
am__fastdepCC_FALSE='#'
am__fastdepCC_TRUE=''
am__include='include'
am__isrc=''
am__leading_dot='.'
am__nodep='_no'
am__quote=''
am__tar='$${TAR-tar} chof - "$$tardir"'
am__untar='$${TAR-tar} xf -'
bindir='${exec_prefix}/bin'
build='x86_64-unknown-linux-gnu'
build_alias=''
build_cpu='x86_64'
build_os='linux-gnu'
build_vendor='unknown'
datadir='${datarootdir}'
datarootdir='${prefix}/share'
docdir='${datarootdir}/doc/${PACKAGE_TARNAME}'
dvidir='${docdir}'
exec_prefix='${prefix}'
host='le32-unknown-nacl'
host_alias='le32-unknown-nacl'
host_cpu='le32'
host_os='nacl'
host_vendor='unknown'
htmldir='${docdir}'
includedir='${prefix}/include'
infodir='${datarootdir}/info'
install_sh='${SHELL} /home/dick/workspace/src/rust-ppapi/deps/libressl-2.0.0/install-sh'
libdir='${exec_prefix}/lib'
libexecdir='${exec_prefix}/libexec'
localedir='${datarootdir}/locale'
localstatedir='${prefix}/var'
mandir='${datarootdir}/man'
mkdir_p='$(MKDIR_P)'
oldincludedir='/usr/include'
pdfdir='${docdir}'
prefix='/usr/local'
program_transform_name='s,x,x,'
psdir='${docdir}'
sbindir='${exec_prefix}/sbin'
sharedstatedir='${prefix}/com'
sysconfdir='${prefix}/etc'
target='le32-unknown-nacl'
target_alias=''
target_cpu='le32'
target_os='nacl'
target_vendor='unknown'

## ----------- ##
## confdefs.h. ##
## ----------- ##

/* confdefs.h */
#define PACKAGE_NAME "libressl"
#define PACKAGE_TARNAME "libressl"
#define PACKAGE_VERSION "2.0.0"
#define PACKAGE_STRING "libressl 2.0.0"
#define PACKAGE_BUGREPORT ""
#define PACKAGE_URL ""
#define PACKAGE "libressl"
#define VERSION "2.0.0"
#define STDC_HEADERS 1
#define HAVE_SYS_TYPES_H 1
#define HAVE_SYS_STAT_H 1
#define HAVE_STDLIB_H 1
#define HAVE_STRING_H 1
#define HAVE_MEMORY_H 1
#define HAVE_STRINGS_H 1
#define HAVE_INTTYPES_H 1
#define HAVE_STDINT_H 1
#define HAVE_UNISTD_H 1
#define LT_OBJDIR ".libs/"
#define HAVE_FUNOPEN 1

configure: exit 0
